TN:
SF:src\config\ReactotronConfig.ts
FN:16,(anonymous_1)
FNF:1
FNH:0
FNDA:0,(anonymous_1)
DA:1,0
DA:2,0
DA:4,0
DA:16,0
DA:21,0
LF:5
LH:0
BRF:0
BRH:0
end_of_record
TN:
SF:src\constants\colors.ts
FNF:0
FNH:0
DA:2,0
LF:1
LH:0
BRF:0
BRH:0
end_of_record
TN:
SF:src\constants\theme.ts
FNF:0
FNH:0
DA:1,0
DA:2,0
DA:5,0
DA:16,0
DA:27,0
DA:59,0
DA:66,0
DA:102,0
LF:8
LH:0
BRF:0
BRH:0
end_of_record
TN:
SF:src\constants\typography.ts
FNF:0
FNH:0
DA:2,0
DA:48,0
LF:2
LH:0
BRF:0
BRH:0
end_of_record
TN:
SF:src\i18n\index.ts
FNF:0
FNH:0
DA:1,0
DA:2,0
DA:3,0
DA:4,0
DA:5,0
DA:8,0
DA:10,0
DA:19,0
DA:29,0
LF:9
LH:0
BRDA:8,0,0,0
BRDA:8,0,1,0
BRDA:21,1,0,0
BRDA:21,1,1,0
BRF:4
BRH:0
end_of_record
TN:
SF:src\services\dummyData.ts
FN:144,(anonymous_0)
FN:145,(anonymous_1)
FN:148,(anonymous_2)
FN:149,(anonymous_3)
FN:152,(anonymous_4)
FN:156,(anonymous_5)
FN:168,(anonymous_6)
FN:170,(anonymous_7)
FNF:8
FNH:0
FNDA:0,(anonymous_0)
FNDA:0,(anonymous_1)
FNDA:0,(anonymous_2)
FNDA:0,(anonymous_3)
FNDA:0,(anonymous_4)
FNDA:0,(anonymous_5)
FNDA:0,(anonymous_6)
FNDA:0,(anonymous_7)
DA:4,0
DA:22,0
DA:70,0
DA:101,0
DA:110,0
DA:144,0
DA:145,0
DA:148,0
DA:149,0
DA:152,0
DA:156,0
DA:157,0
DA:159,0
DA:165,0
DA:168,0
DA:169,0
DA:170,0
DA:174,0
DA:184,0
DA:185,0
LF:20
LH:0
BRDA:157,0,0,0
BRDA:157,0,1,0
BRF:2
BRH:0
end_of_record
TN:
SF:src\utils\rtlUtils.ts
FN:5,(anonymous_0)
FN:9,(anonymous_1)
FN:13,(anonymous_2)
FN:17,(anonymous_3)
FN:21,(anonymous_4)
FN:25,(anonymous_5)
FN:29,(anonymous_6)
FN:33,(anonymous_7)
FN:40,(anonymous_8)
FN:47,(anonymous_9)
FN:60,(anonymous_10)
FNF:11
FNH:0
FNDA:0,(anonymous_0)
FNDA:0,(anonymous_1)
FNDA:0,(anonymous_2)
FNDA:0,(anonymous_3)
FNDA:0,(anonymous_4)
FNDA:0,(anonymous_5)
FNDA:0,(anonymous_6)
FNDA:0,(anonymous_7)
FNDA:0,(anonymous_8)
FNDA:0,(anonymous_9)
FNDA:0,(anonymous_10)
DA:1,0
DA:3,0
DA:5,0
DA:6,0
DA:9,0
DA:10,0
DA:13,0
DA:14,0
DA:17,0
DA:18,0
DA:21,0
DA:22,0
DA:25,0
DA:26,0
DA:29,0
DA:30,0
DA:33,0
DA:34,0
DA:35,0
DA:37,0
DA:40,0
DA:41,0
DA:42,0
DA:44,0
DA:47,0
DA:48,0
DA:49,0
DA:55,0
DA:57,0
DA:60,0
DA:61,0
LF:31
LH:0
BRDA:6,0,0,0
BRDA:6,0,1,0
BRDA:10,1,0,0
BRDA:10,1,1,0
BRDA:14,2,0,0
BRDA:14,2,1,0
BRDA:18,3,0,0
BRDA:18,3,1,0
BRDA:22,4,0,0
BRDA:22,4,1,0
BRDA:26,5,0,0
BRDA:26,5,1,0
BRDA:30,6,0,0
BRDA:30,6,1,0
BRDA:34,7,0,0
BRDA:34,7,1,0
BRDA:35,8,0,0
BRDA:35,8,1,0
BRDA:41,9,0,0
BRDA:41,9,1,0
BRDA:42,10,0,0
BRDA:42,10,1,0
BRDA:48,11,0,0
BRDA:48,11,1,0
BRDA:61,12,0,0
BRDA:61,12,1,0
BRF:26
BRH:0
end_of_record
TN:
SF:src\utils\urlUtils.ts
FN:11,(anonymous_0)
FN:111,(anonymous_1)
FN:193,(anonymous_2)
FN:198,(anonymous_3)
FN:203,(anonymous_4)
FNF:5
FNH:5
FNDA:35,(anonymous_0)
FNDA:7,(anonymous_1)
FNDA:6,(anonymous_2)
FNDA:8,(anonymous_3)
FNDA:4,(anonymous_4)
DA:11,1
DA:13,35
DA:16,35
DA:17,35
DA:19,35
DA:20,8
DA:30,27
DA:33,27
DA:34,7
DA:38,20
DA:39,8
DA:48,12
DA:53,3
DA:61,9
DA:65,2
DA:73,7
DA:74,2
DA:82,5
DA:83,2
DA:92,3
DA:93,3
DA:94,3
DA:101,0
DA:111,1
DA:112,7
DA:113,7
DA:114,7
DA:116,7
DA:117,2
DA:127,5
DA:130,5
DA:131,3
DA:140,2
DA:141,0
DA:142,0
DA:144,0
DA:145,0
DA:146,0
DA:150,0
DA:163,2
DA:166,1
DA:167,1
DA:175,1
DA:183,0
DA:193,1
DA:194,6
DA:195,6
DA:198,1
DA:199,8
DA:200,8
DA:203,1
DA:204,4
DA:205,4
DA:206,2
DA:208,2
LF:55
LH:47
BRDA:19,0,0,8
BRDA:19,0,1,27
BRDA:19,1,0,35
BRDA:19,1,1,27
BRDA:33,2,0,7
BRDA:33,2,1,20
BRDA:38,3,0,8
BRDA:38,3,1,12
BRDA:38,4,0,20
BRDA:38,4,1,8
BRDA:48,5,0,3
BRDA:48,5,1,9
BRDA:49,6,0,12
BRDA:49,6,1,9
BRDA:49,6,2,9
BRDA:61,7,0,2
BRDA:61,7,1,7
BRDA:62,8,0,9
BRDA:62,8,1,7
BRDA:73,9,0,2
BRDA:73,9,1,5
BRDA:73,10,0,7
BRDA:73,10,1,5
BRDA:82,11,0,2
BRDA:82,11,1,3
BRDA:82,12,0,5
BRDA:82,12,1,5
BRDA:116,13,0,2
BRDA:116,13,1,5
BRDA:130,14,0,3
BRDA:130,14,1,2
BRDA:130,15,0,5
BRDA:130,15,1,3
BRDA:140,16,0,0
BRDA:140,16,1,2
BRDA:144,17,0,0
BRDA:144,17,1,0
BRDA:146,18,0,0
BRDA:146,18,1,0
BRDA:147,19,0,0
BRDA:147,19,1,0
BRDA:163,20,0,1
BRDA:163,20,1,1
BRDA:163,21,0,2
BRDA:163,21,1,2
BRDA:163,21,2,2
BRDA:163,21,3,2
BRF:47
BRH:40
end_of_record
